[2022-02-16T19:50:16.776Z] Validating found git in: git
[2022-02-16T19:50:16.787Z] Using git 2.35.1 from git
[2022-02-16T19:50:16.818Z] > git rev-parse --git-dir [4ms]
[2022-02-16T19:50:16.822Z] Open repository: /home/btr/UnityProjects/MobileProj1
[2022-02-16T19:50:16.849Z] > git symbolic-ref --short HEAD [1ms]
[2022-02-16T19:50:16.855Z] > git for-each-ref --format=%(refname)%00%(upstream:short)%00%(objectname)%00%(upstream:track) refs/heads/main refs/remotes/main [1ms]
[2022-02-16T19:50:16.878Z] > git remote --verbose [15ms]
[2022-02-16T19:50:16.878Z] > git for-each-ref --sort -committerdate --format %(refname) %(objectname) %(*objectname) [19ms]
[2022-02-16T19:50:16.887Z] > git config --get commit.template [1ms]
[2022-02-16T19:50:17.171Z] > git ls-files --stage -- /home/btr/UnityProjects/MobileProj1/Assets/Scripts/ItemCollector.cs [2ms]
[2022-02-16T19:50:17.178Z] > git cat-file -s ecea688aa4fdb46a38df8d6e1e5722ed3e8dca05 [1ms]
[2022-02-16T19:50:21.443Z] > git symbolic-ref --short HEAD [1ms]
[2022-02-16T19:50:21.449Z] > git for-each-ref --format=%(refname)%00%(upstream:short)%00%(objectname)%00%(upstream:track) refs/heads/main refs/remotes/main [1ms]
[2022-02-16T19:50:21.460Z] > git remote --verbose [1ms]
[2022-02-16T19:50:21.461Z] > git for-each-ref --sort -committerdate --format %(refname) %(objectname) %(*objectname) [8ms]
[2022-02-16T19:50:21.472Z] > git config --get commit.template [0ms]
[2022-02-16T19:50:28.992Z] > git symbolic-ref --short HEAD [1ms]
[2022-02-16T19:50:28.999Z] > git for-each-ref --format=%(refname)%00%(upstream:short)%00%(objectname)%00%(upstream:track) refs/heads/main refs/remotes/main [2ms]
[2022-02-16T19:50:29.011Z] > git for-each-ref --sort -committerdate --format %(refname) %(objectname) %(*objectname) [7ms]
[2022-02-16T19:50:29.011Z] > git remote --verbose [1ms]
[2022-02-16T19:50:29.019Z] > git config --get commit.template [1ms]
[2022-02-16T19:50:36.220Z] > git symbolic-ref --short HEAD [0ms]
[2022-02-16T19:50:36.227Z] > git for-each-ref --format=%(refname)%00%(upstream:short)%00%(objectname)%00%(upstream:track) refs/heads/main refs/remotes/main [2ms]
[2022-02-16T19:50:36.237Z] > git for-each-ref --sort -committerdate --format %(refname) %(objectname) %(*objectname) [5ms]
[2022-02-16T19:50:36.237Z] > git remote --verbose [1ms]
[2022-02-16T19:50:36.246Z] > git config --get commit.template [1ms]
[2022-02-16T19:51:00.839Z] > git ls-files --stage -- /home/btr/UnityProjects/MobileProj1/Assets/Scripts/PlayerController.cs [1ms]
[2022-02-16T19:51:00.845Z] > git cat-file -s e7ad4afef528b01180cba2aa8a7b253142e3dc2a [1ms]
[2022-02-16T19:51:04.182Z] > git ls-files --stage -- /home/btr/UnityProjects/MobileProj1/Assets/Scripts/ItemCollector.cs [1ms]
[2022-02-16T19:51:04.188Z] > git cat-file -s ecea688aa4fdb46a38df8d6e1e5722ed3e8dca05 [1ms]
[2022-02-16T19:51:31.123Z] > git symbolic-ref --short HEAD [1ms]
[2022-02-16T19:51:31.128Z] > git for-each-ref --format=%(refname)%00%(upstream:short)%00%(objectname)%00%(upstream:track) refs/heads/main refs/remotes/main [1ms]
[2022-02-16T19:51:31.138Z] > git for-each-ref --sort -committerdate --format %(refname) %(objectname) %(*objectname) [6ms]
[2022-02-16T19:51:31.139Z] > git remote --verbose [1ms]
[2022-02-16T19:51:31.147Z] > git config --get commit.template [1ms]
[2022-02-16T19:51:33.198Z] > git ls-files --stage -- /home/btr/UnityProjects/MobileProj1/Assets/Scripts/PlayerController.cs [1ms]
[2022-02-16T19:51:33.204Z] > git cat-file -s e7ad4afef528b01180cba2aa8a7b253142e3dc2a [1ms]
[2022-02-16T19:51:36.851Z] > git symbolic-ref --short HEAD [1ms]
[2022-02-16T19:51:36.859Z] > git for-each-ref --format=%(refname)%00%(upstream:short)%00%(objectname)%00%(upstream:track) refs/heads/main refs/remotes/main [2ms]
[2022-02-16T19:51:36.871Z] > git for-each-ref --sort -committerdate --format %(refname) %(objectname) %(*objectname) [6ms]
[2022-02-16T19:51:36.872Z] > git remote --verbose [1ms]
[2022-02-16T19:51:36.879Z] > git config --get commit.template [1ms]
[2022-02-16T19:51:43.097Z] > git symbolic-ref --short HEAD [1ms]
[2022-02-16T19:51:43.102Z] > git for-each-ref --format=%(refname)%00%(upstream:short)%00%(objectname)%00%(upstream:track) refs/heads/main refs/remotes/main [1ms]
[2022-02-16T19:51:43.110Z] > git for-each-ref --sort -committerdate --format %(refname) %(objectname) %(*objectname) [4ms]
[2022-02-16T19:51:43.110Z] > git remote --verbose [0ms]
[2022-02-16T19:51:43.117Z] > git config --get commit.template [1ms]
