[2022-02-12 20:17:11.725] [exthost] [info] Extension host with pid 106624 started
[2022-02-12 20:17:11.725] [exthost] [info] Skipping acquiring lock for /home/btr/.config/Code - OSS/User/workspaceStorage/41b63c78397192e129e2ad8f78de1c2c.
[2022-02-12 20:17:11.809] [exthost] [info] ExtensionService#_doActivateExtension muhammad-sammy.csharp, startup: false, activationEvent: 'onLanguage:csharp'
[2022-02-12 20:17:11.840] [exthost] [info] ExtensionService#_doActivateExtension vscode.debug-auto-launch, startup: true, activationEvent: '*'
[2022-02-12 20:17:11.841] [exthost] [info] ExtensionService#_doActivateExtension vscode.git-base, startup: true, activationEvent: '*', root cause: vscode.github
[2022-02-12 20:17:11.931] [exthost] [info] ExtensionService#_doActivateExtension vscode.git, startup: true, activationEvent: '*'
[2022-02-12 20:17:11.945] [exthost] [info] ExtensionService#_doActivateExtension vscode.github, startup: true, activationEvent: '*'
[2022-02-12 20:17:12.004] [exthost] [info] Eager extensions activated
[2022-02-12 20:17:12.046] [exthost] [info] ExtensionService#_doActivateExtension vscode.emmet, startup: false, activationEvent: 'onStartupFinished'
[2022-02-12 20:17:12.052] [exthost] [info] ExtensionService#_doActivateExtension vscode.merge-conflict, startup: false, activationEvent: 'onStartupFinished'
[2022-02-12 20:17:13.722] [exthost] [error] [muhammad-sammy.csharp] provider FAILED
[2022-02-12 20:17:13.722] [exthost] [error] Problem invoking 'GetCodeActions' on OmniSharp server: Error: Request /v2/getcodeactions cancelled, id: undefined
[2022-02-12 20:17:13.844] [exthost] [error] [muhammad-sammy.csharp] provider FAILED
[2022-02-12 20:17:13.844] [exthost] [error] Problem invoking 'GetCodeActions' on OmniSharp server: Error: Request /v2/getcodeactions cancelled, id: undefined
[2022-02-12 20:17:14.911] [exthost] [error] [muhammad-sammy.csharp] provider FAILED
[2022-02-12 20:17:14.911] [exthost] [error] Problem invoking 'GetCodeActions' on OmniSharp server: Error: Request /v2/getcodeactions cancelled, id: undefined
[2022-02-12 20:17:16.529] [exthost] [error] [muhammad-sammy.csharp] provider FAILED
[2022-02-12 20:17:16.529] [exthost] [error] Problem invoking 'GetCodeActions' on OmniSharp server: Error: Request /v2/getcodeactions cancelled, id: undefined
[2022-02-12 20:17:18.959] [exthost] [error] [muhammad-sammy.csharp] provider FAILED
[2022-02-12 20:17:18.959] [exthost] [error] Problem invoking 'GetCodeActions' on OmniSharp server: Error: Request /v2/getcodeactions cancelled, id: undefined
[2022-02-12 20:17:19.573] [exthost] [error] [muhammad-sammy.csharp] provider FAILED
[2022-02-12 20:17:19.573] [exthost] [error] Problem invoking 'GetCodeActions' on OmniSharp server: Error: Request /v2/getcodeactions cancelled, id: undefined
[2022-02-12 20:17:20.254] [exthost] [error] [muhammad-sammy.csharp] provider FAILED
[2022-02-12 20:17:20.254] [exthost] [error] Problem invoking 'GetCodeActions' on OmniSharp server: Error: Request /v2/getcodeactions cancelled, id: undefined
[2022-02-12 20:17:20.517] [exthost] [error] [muhammad-sammy.csharp] provider FAILED
[2022-02-12 20:17:20.517] [exthost] [error] Problem invoking 'GetCodeActions' on OmniSharp server: Error: Request /v2/getcodeactions cancelled, id: undefined
[2022-02-12 20:17:21.359] [exthost] [error] [muhammad-sammy.csharp] provider FAILED
[2022-02-12 20:17:21.359] [exthost] [error] Problem invoking 'GetCodeActions' on OmniSharp server: Error: Request /v2/getcodeactions cancelled, id: undefined
[2022-02-12 20:17:22.089] [exthost] [error] [muhammad-sammy.csharp] provider FAILED
[2022-02-12 20:17:22.089] [exthost] [error] Problem invoking 'GetCodeActions' on OmniSharp server: Error: Request /v2/getcodeactions cancelled, id: undefined
[2022-02-12 20:17:22.885] [exthost] [error] [muhammad-sammy.csharp] provider FAILED
[2022-02-12 20:17:22.885] [exthost] [error] Problem invoking 'GetCodeActions' on OmniSharp server: Error: Request /v2/getcodeactions cancelled, id: undefined
[2022-02-12 20:17:24.595] [exthost] [error] [muhammad-sammy.csharp] provider FAILED
[2022-02-12 20:17:24.595] [exthost] [error] Problem invoking 'GetCodeActions' on OmniSharp server: Error: Request /v2/getcodeactions cancelled, id: undefined
[2022-02-12 20:17:25.490] [exthost] [error] [muhammad-sammy.csharp] provider FAILED
[2022-02-12 20:17:25.490] [exthost] [error] Problem invoking 'GetCodeActions' on OmniSharp server: Error: Request /v2/getcodeactions cancelled, id: undefined
[2022-02-12 20:17:26.201] [exthost] [error] [muhammad-sammy.csharp] provider FAILED
[2022-02-12 20:17:26.201] [exthost] [error] Problem invoking 'GetCodeActions' on OmniSharp server: Error: Request /v2/getcodeactions cancelled, id: undefined
[2022-02-12 20:17:26.611] [exthost] [error] [muhammad-sammy.csharp] provider FAILED
[2022-02-12 20:17:26.611] [exthost] [error] Problem invoking 'GetCodeActions' on OmniSharp server: Error: Request /v2/getcodeactions cancelled, id: undefined
[2022-02-12 20:17:27.808] [exthost] [error] [muhammad-sammy.csharp] provider FAILED
[2022-02-12 20:17:27.808] [exthost] [error] Problem invoking 'GetCodeActions' on OmniSharp server: Error: Request /v2/getcodeactions cancelled, id: undefined
[2022-02-12 20:17:29.123] [exthost] [error] [muhammad-sammy.csharp] provider FAILED
[2022-02-12 20:17:29.123] [exthost] [error] Problem invoking 'GetCodeActions' on OmniSharp server: Error: Request /v2/getcodeactions cancelled, id: undefined
[2022-02-12 20:17:31.126] [exthost] [error] [muhammad-sammy.csharp] provider FAILED
[2022-02-12 20:17:31.126] [exthost] [error] Problem invoking 'GetCodeActions' on OmniSharp server: Error: Request /v2/getcodeactions cancelled, id: undefined
[2022-02-12 20:17:37.549] [exthost] [info] extension host terminating: renderer closed the socket
[2022-02-12 20:17:37.570] [exthost] [info] Extension host with pid 106624 exiting with code 0
