[2022-02-12 20:17:47.107] [exthost] [info] Extension host with pid 107011 started
[2022-02-12 20:17:47.108] [exthost] [info] Skipping acquiring lock for /home/btr/.config/Code - OSS/User/workspaceStorage/41b63c78397192e129e2ad8f78de1c2c.
[2022-02-12 20:17:47.200] [exthost] [info] ExtensionService#_doActivateExtension muhammad-sammy.csharp, startup: false, activationEvent: 'onLanguage:csharp'
[2022-02-12 20:17:47.230] [exthost] [info] ExtensionService#_doActivateExtension vscode.debug-auto-launch, startup: true, activationEvent: '*'
[2022-02-12 20:17:47.232] [exthost] [info] ExtensionService#_doActivateExtension vscode.git-base, startup: true, activationEvent: '*', root cause: vscode.github
[2022-02-12 20:17:47.300] [exthost] [info] ExtensionService#_doActivateExtension vscode.git, startup: true, activationEvent: '*'
[2022-02-12 20:17:47.314] [exthost] [info] ExtensionService#_doActivateExtension vscode.github, startup: true, activationEvent: '*'
[2022-02-12 20:17:47.361] [exthost] [info] Eager extensions activated
[2022-02-12 20:17:47.412] [exthost] [info] ExtensionService#_doActivateExtension vscode.emmet, startup: false, activationEvent: 'onStartupFinished'
[2022-02-12 20:17:47.419] [exthost] [info] ExtensionService#_doActivateExtension vscode.merge-conflict, startup: false, activationEvent: 'onStartupFinished'
[2022-02-12 20:17:49.026] [exthost] [error] [muhammad-sammy.csharp] provider FAILED
[2022-02-12 20:17:49.027] [exthost] [error] Problem invoking 'GetCodeActions' on OmniSharp server: Error: Request /v2/getcodeactions cancelled, id: undefined
[2022-02-12 20:17:49.095] [exthost] [error] [muhammad-sammy.csharp] provider FAILED
[2022-02-12 20:17:49.095] [exthost] [error] Problem invoking 'GetCodeActions' on OmniSharp server: Error: Request /v2/getcodeactions cancelled, id: undefined
[2022-02-12 20:17:49.291] [exthost] [error] [muhammad-sammy.csharp] provider FAILED
[2022-02-12 20:17:49.291] [exthost] [error] Problem invoking 'GetCodeActions' on OmniSharp server: Error: Request /v2/getcodeactions cancelled, id: undefined
[2022-02-12 20:17:49.724] [exthost] [error] [muhammad-sammy.csharp] provider FAILED
[2022-02-12 20:17:49.724] [exthost] [error] Problem invoking 'GetCodeActions' on OmniSharp server: Error: Request /v2/getcodeactions cancelled, id: undefined
[2022-02-12 20:17:50.210] [exthost] [error] [muhammad-sammy.csharp] provider FAILED
[2022-02-12 20:17:50.210] [exthost] [error] Problem invoking 'GetCodeActions' on OmniSharp server: Error: Request /v2/getcodeactions cancelled, id: undefined
[2022-02-12 20:17:51.204] [exthost] [error] [muhammad-sammy.csharp] provider FAILED
[2022-02-12 20:17:51.204] [exthost] [error] Problem invoking 'GetCodeActions' on OmniSharp server: Error: Request /v2/getcodeactions cancelled, id: undefined
[2022-02-12 20:17:52.004] [exthost] [error] [muhammad-sammy.csharp] provider FAILED
[2022-02-12 20:17:52.004] [exthost] [error] Problem invoking 'GetCodeActions' on OmniSharp server: Error: Request /v2/getcodeactions cancelled, id: undefined
[2022-02-12 20:17:55.074] [exthost] [error] [muhammad-sammy.csharp] provider FAILED
[2022-02-12 20:17:55.074] [exthost] [error] Problem invoking 'GetCodeActions' on OmniSharp server: Error: Request /v2/getcodeactions cancelled, id: undefined
[2022-02-12 20:17:57.196] [exthost] [info] extension host terminating: renderer closed the socket
[2022-02-12 20:17:57.216] [exthost] [info] Extension host with pid 107011 exiting with code 0
