[2022-02-13T01:17:11.981Z] Validating found git in: git
[2022-02-13T01:17:11.993Z] Using git 2.35.1 from git
[2022-02-13T01:17:12.021Z] > git rev-parse --git-dir [1ms]
[2022-02-13T01:17:12.025Z] Open repository: /home/btr/UnityProjects/MobileProj1
[2022-02-13T01:17:12.060Z] > git symbolic-ref --short HEAD [21ms]
[2022-02-13T01:17:12.068Z] > git for-each-ref --format=%(refname)%00%(upstream:short)%00%(objectname)%00%(upstream:track) refs/heads/main refs/remotes/main [2ms]
[2022-02-13T01:17:12.089Z] > git remote --verbose [11ms]
[2022-02-13T01:17:12.089Z] > git for-each-ref --sort -committerdate --format %(refname) %(objectname) %(*objectname) [16ms]
[2022-02-13T01:17:12.101Z] > git config --get commit.template [1ms]
[2022-02-13T01:17:12.361Z] > git ls-files --stage -- /home/btr/UnityProjects/MobileProj1/Assets/Scripts/PlayerController.cs [2ms]
[2022-02-13T01:17:23.160Z] > git symbolic-ref --short HEAD [1ms]
[2022-02-13T01:17:23.165Z] > git for-each-ref --format=%(refname)%00%(upstream:short)%00%(objectname)%00%(upstream:track) refs/heads/main refs/remotes/main [1ms]
[2022-02-13T01:17:23.171Z] > git for-each-ref --sort -committerdate --format %(refname) %(objectname) %(*objectname) [3ms]
[2022-02-13T01:17:23.172Z] > git remote --verbose [1ms]
[2022-02-13T01:17:23.179Z] > git config --get commit.template [1ms]
[2022-02-13T01:17:31.015Z] > git symbolic-ref --short HEAD [0ms]
[2022-02-13T01:17:31.020Z] > git for-each-ref --format=%(refname)%00%(upstream:short)%00%(objectname)%00%(upstream:track) refs/heads/main refs/remotes/main [1ms]
[2022-02-13T01:17:31.026Z] > git for-each-ref --sort -committerdate --format %(refname) %(objectname) %(*objectname) [3ms]
[2022-02-13T01:17:31.027Z] > git remote --verbose [1ms]
[2022-02-13T01:17:31.034Z] > git config --get commit.template [1ms]
[2022-02-13T01:17:36.077Z] > git symbolic-ref --short HEAD [2ms]
[2022-02-13T01:17:36.083Z] > git for-each-ref --format=%(refname)%00%(upstream:short)%00%(objectname)%00%(upstream:track) refs/heads/main refs/remotes/main [1ms]
[2022-02-13T01:17:36.097Z] > git remote --verbose [2ms]
[2022-02-13T01:17:36.098Z] > git for-each-ref --sort -committerdate --format %(refname) %(objectname) %(*objectname) [8ms]
[2022-02-13T01:17:36.109Z] > git config --get commit.template [1ms]
