[2022-02-13T01:14:11.276Z] Validating found git in: git
[2022-02-13T01:14:11.287Z] Using git  from git
[2022-02-13T01:14:11.308Z] > git rev-parse --git-dir [0ms]
[2022-02-13T01:14:11.312Z] Open repository: /home/btr/UnityProjects/MobileProj1
[2022-02-13T01:14:11.347Z] > git symbolic-ref --short HEAD [22ms]
[2022-02-13T01:14:11.353Z] > git for-each-ref --format=%(refname)%00%(upstream:short)%00%(objectname)%00%(upstream:track) refs/heads/main refs/remotes/main [1ms]
[2022-02-13T01:14:11.364Z] > git remote --verbose [1ms]
[2022-02-13T01:14:11.364Z] > git for-each-ref --sort -committerdate --format %(refname) %(objectname) %(*objectname) [6ms]
[2022-02-13T01:14:11.373Z] > git config --get commit.template [1ms]
[2022-02-13T01:14:11.649Z] > git ls-files --stage -- /home/btr/UnityProjects/MobileProj1/Assets/Scripts/PlayerController.cs [1ms]
[2022-02-13T01:15:03.554Z] > git symbolic-ref --short HEAD [2ms]
[2022-02-13T01:15:03.561Z] > git for-each-ref --format=%(refname)%00%(upstream:short)%00%(objectname)%00%(upstream:track) refs/heads/main refs/remotes/main [2ms]
[2022-02-13T01:15:03.576Z] > git for-each-ref --sort -committerdate --format %(refname) %(objectname) %(*objectname) [8ms]
[2022-02-13T01:15:03.576Z] > git remote --verbose [1ms]
[2022-02-13T01:15:03.583Z] > git config --get commit.template [1ms]
[2022-02-13T01:15:08.597Z] > git symbolic-ref --short HEAD [2ms]
[2022-02-13T01:15:08.603Z] > git for-each-ref --format=%(refname)%00%(upstream:short)%00%(objectname)%00%(upstream:track) refs/heads/main refs/remotes/main [1ms]
[2022-02-13T01:15:08.613Z] > git remote --verbose [1ms]
[2022-02-13T01:15:08.614Z] > git for-each-ref --sort -committerdate --format %(refname) %(objectname) %(*objectname) [6ms]
[2022-02-13T01:15:08.625Z] > git config --get commit.template [1ms]
[2022-02-13T01:15:13.636Z] > git symbolic-ref --short HEAD [0ms]
[2022-02-13T01:15:13.642Z] > git for-each-ref --format=%(refname)%00%(upstream:short)%00%(objectname)%00%(upstream:track) refs/heads/main refs/remotes/main [1ms]
[2022-02-13T01:15:13.653Z] > git remote --verbose [1ms]
[2022-02-13T01:15:13.653Z] > git for-each-ref --sort -committerdate --format %(refname) %(objectname) %(*objectname) [6ms]
[2022-02-13T01:15:13.663Z] > git config --get commit.template [1ms]
[2022-02-13T01:15:43.013Z] > git symbolic-ref --short HEAD [0ms]
[2022-02-13T01:15:43.018Z] > git for-each-ref --format=%(refname)%00%(upstream:short)%00%(objectname)%00%(upstream:track) refs/heads/main refs/remotes/main [1ms]
[2022-02-13T01:15:43.028Z] > git for-each-ref --sort -committerdate --format %(refname) %(objectname) %(*objectname) [5ms]
[2022-02-13T01:15:43.029Z] > git remote --verbose [1ms]
[2022-02-13T01:15:43.038Z] > git config --get commit.template [2ms]
[2022-02-13T01:16:05.053Z] > git symbolic-ref --short HEAD [0ms]
[2022-02-13T01:16:05.061Z] > git for-each-ref --format=%(refname)%00%(upstream:short)%00%(objectname)%00%(upstream:track) refs/heads/main refs/remotes/main [3ms]
[2022-02-13T01:16:05.071Z] > git for-each-ref --sort -committerdate --format %(refname) %(objectname) %(*objectname) [5ms]
[2022-02-13T01:16:05.071Z] > git remote --verbose [1ms]
[2022-02-13T01:16:05.079Z] > git config --get commit.template [1ms]
[2022-02-13T01:16:10.092Z] > git symbolic-ref --short HEAD [0ms]
[2022-02-13T01:16:10.098Z] > git for-each-ref --format=%(refname)%00%(upstream:short)%00%(objectname)%00%(upstream:track) refs/heads/main refs/remotes/main [2ms]
[2022-02-13T01:16:10.107Z] > git for-each-ref --sort -committerdate --format %(refname) %(objectname) %(*objectname) [5ms]
[2022-02-13T01:16:10.107Z] > git remote --verbose [1ms]
[2022-02-13T01:16:10.113Z] > git config --get commit.template [1ms]
[2022-02-13T01:16:55.082Z] > git symbolic-ref --short HEAD [1ms]
[2022-02-13T01:16:55.089Z] > git for-each-ref --format=%(refname)%00%(upstream:short)%00%(objectname)%00%(upstream:track) refs/heads/main refs/remotes/main [1ms]
[2022-02-13T01:16:55.101Z] > git remote --verbose [2ms]
[2022-02-13T01:16:55.101Z] > git for-each-ref --sort -committerdate --format %(refname) %(objectname) %(*objectname) [6ms]
[2022-02-13T01:16:55.113Z] > git config --get commit.template [2ms]
