[2022-02-12 23:20:35.679] [exthost] [info] Extension host with pid 125001 started
[2022-02-12 23:20:35.679] [exthost] [info] Skipping acquiring lock for /home/btr/.config/Code - OSS/User/workspaceStorage/5f705c3de65d007fb29bd697257369d9.
[2022-02-12 23:20:35.794] [exthost] [info] ExtensionService#_doActivateExtension muhammad-sammy.csharp, startup: false, activationEvent: 'onLanguage:csharp'
[2022-02-12 23:20:35.829] [exthost] [info] ExtensionService#_doActivateExtension vscode.debug-auto-launch, startup: true, activationEvent: '*'
[2022-02-12 23:20:35.832] [exthost] [info] ExtensionService#_doActivateExtension vscode.git-base, startup: true, activationEvent: '*', root cause: vscode.github
[2022-02-12 23:20:35.961] [exthost] [info] ExtensionService#_doActivateExtension vscode.git, startup: true, activationEvent: '*'
[2022-02-12 23:20:35.979] [exthost] [info] ExtensionService#_doActivateExtension vscode.github, startup: true, activationEvent: '*'
[2022-02-12 23:20:36.016] [exthost] [info] Eager extensions activated
[2022-02-12 23:20:36.107] [exthost] [info] ExtensionService#_doActivateExtension vscode.emmet, startup: false, activationEvent: 'onStartupFinished'
[2022-02-12 23:20:36.114] [exthost] [info] ExtensionService#_doActivateExtension vscode.merge-conflict, startup: false, activationEvent: 'onStartupFinished'
[2022-02-12 23:20:37.815] [exthost] [error] [muhammad-sammy.csharp] provider FAILED
[2022-02-12 23:20:37.815] [exthost] [error] Problem invoking 'GetCodeActions' on OmniSharp server: Error: Request /v2/getcodeactions cancelled, id: undefined
[2022-02-12 23:20:38.317] [exthost] [error] [muhammad-sammy.csharp] provider FAILED
[2022-02-12 23:20:38.317] [exthost] [error] Problem invoking 'GetCodeActions' on OmniSharp server: Error: Request /v2/getcodeactions cancelled, id: undefined
[2022-02-12 23:20:39.005] [exthost] [error] [muhammad-sammy.csharp] provider FAILED
[2022-02-12 23:20:39.005] [exthost] [error] Problem invoking 'GetCodeActions' on OmniSharp server: Error: Request /v2/getcodeactions cancelled, id: undefined
[2022-02-12 23:20:40.290] [exthost] [error] [muhammad-sammy.csharp] provider FAILED
[2022-02-12 23:20:40.290] [exthost] [error] Problem invoking 'GetCodeActions' on OmniSharp server: Error: Request /v2/getcodeactions cancelled, id: undefined
[2022-02-12 23:20:41.029] [exthost] [error] [muhammad-sammy.csharp] provider FAILED
[2022-02-12 23:20:41.029] [exthost] [error] Problem invoking 'GetCodeActions' on OmniSharp server: Error: Request /v2/getcodeactions cancelled, id: 13
[2022-02-12 23:21:00.926] [exthost] [info] extension host terminating: renderer closed the socket
[2022-02-12 23:21:00.935] [exthost] [info] Extension host with pid 125001 exiting with code 0
