[2022-02-16 14:50:15.828] [renderer1] [info] IExtensionHostStarter.start() took 199 ms.
[2022-02-16 14:50:15.983] [renderer1] [error] [Extension Host] (node:299848) [DEP0005] DeprecationWarning: Buffer() is deprecated due to security and usability issues. Please use the Buffer.alloc(), Buffer.allocUnsafe(), or Buffer.from() methods instead.
(Use `electron --trace-deprecation ...` to show where the warning was created)
[2022-02-16 14:50:18.518] [renderer1] [error] Problem invoking 'GetCodeActions' on OmniSharp server: Error: Request /v2/getcodeactions cancelled, id: undefined
[2022-02-16 14:50:21.477] [renderer1] [error] Problem invoking 'GetCodeActions' on OmniSharp server: Error: Request /v2/getcodeactions cancelled, id: undefined
[2022-02-16 14:50:23.726] [renderer1] [error] Problem invoking 'GetCodeActions' on OmniSharp server: Error: Request /v2/getcodeactions cancelled, id: undefined
[2022-02-16 14:50:25.760] [renderer1] [error] Problem invoking 'GetCodeActions' on OmniSharp server: Error: Request /v2/getcodeactions cancelled, id: undefined
[2022-02-16 14:50:27.129] [renderer1] [error] Problem invoking 'GetCodeActions' on OmniSharp server: Error: Request /v2/getcodeactions cancelled, id: undefined
[2022-02-16 14:50:28.745] [renderer1] [error] Problem invoking 'GetCodeActions' on OmniSharp server: Error: Request /v2/getcodeactions cancelled, id: undefined
[2022-02-16 14:50:32.876] [renderer1] [error] Problem invoking 'GetCodeActions' on OmniSharp server: Error: Request /v2/getcodeactions cancelled, id: undefined
[2022-02-16 14:50:34.050] [renderer1] [error] Problem invoking 'GetCodeActions' on OmniSharp server: Error: Request /v2/getcodeactions cancelled, id: undefined
[2022-02-16 14:50:35.961] [renderer1] [error] Problem invoking 'GetCodeActions' on OmniSharp server: Error: Request /v2/getcodeactions cancelled, id: undefined
[2022-02-16 14:50:37.725] [renderer1] [error] Problem invoking 'GetCodeActions' on OmniSharp server: Error: Request /v2/getcodeactions cancelled, id: undefined
[2022-02-16 14:50:42.871] [renderer1] [error] Problem invoking 'GetCodeActions' on OmniSharp server: Error: Request /v2/getcodeactions cancelled, id: undefined
[2022-02-16 14:50:44.574] [renderer1] [error] Problem invoking 'GetCodeActions' on OmniSharp server: Error: Request /v2/getcodeactions cancelled, id: undefined
[2022-02-16 14:50:45.982] [renderer1] [error] Problem invoking 'GetCodeActions' on OmniSharp server: Error: Request /v2/getcodeactions cancelled, id: undefined
[2022-02-16 14:50:53.273] [renderer1] [error] Problem invoking 'GetCodeActions' on OmniSharp server: Error: Request /v2/getcodeactions cancelled, id: undefined
[2022-02-16 14:50:54.783] [renderer1] [error] Problem invoking 'GetCodeActions' on OmniSharp server: Error: Request /v2/getcodeactions cancelled, id: undefined
[2022-02-16 14:50:56.143] [renderer1] [error] Problem invoking 'GetCodeActions' on OmniSharp server: Error: Request /v2/getcodeactions cancelled, id: undefined
[2022-02-16 14:50:58.316] [renderer1] [error] Problem invoking 'GetCodeActions' on OmniSharp server: Error: Request /v2/getcodeactions cancelled, id: undefined
[2022-02-16 14:50:59.578] [renderer1] [error] Problem invoking 'GetCodeActions' on OmniSharp server: Error: Request /v2/getcodeactions cancelled, id: undefined
[2022-02-16 14:51:00.653] [renderer1] [error] Problem invoking 'GetCodeActions' on OmniSharp server: Error: Request /v2/getcodeactions cancelled, id: undefined
[2022-02-16 14:51:01.365] [renderer1] [error] busy: Error: busy
	at f.<anonymous> (/home/btr/.vscode-oss/extensions/muhammad-sammy.csharp-1.24.0/dist/extension.js:2:558418)
	at Generator.next (<anonymous>)
	at s (/home/btr/.vscode-oss/extensions/muhammad-sammy.csharp-1.24.0/dist/extension.js:2:552036)
	at processTicksAndRejections (internal/process/task_queues.js:93:5)
[2022-02-16 14:51:02.374] [renderer1] [error] busy: Error: busy
	at f.<anonymous> (/home/btr/.vscode-oss/extensions/muhammad-sammy.csharp-1.24.0/dist/extension.js:2:558418)
	at Generator.next (<anonymous>)
	at s (/home/btr/.vscode-oss/extensions/muhammad-sammy.csharp-1.24.0/dist/extension.js:2:552036)
	at processTicksAndRejections (internal/process/task_queues.js:93:5)
[2022-02-16 14:51:04.208] [renderer1] [error] Problem invoking 'GetCodeActions' on OmniSharp server: Error: Request /v2/getcodeactions cancelled, id: undefined
[2022-02-16 14:51:07.847] [renderer1] [error] Problem invoking 'GetCodeActions' on OmniSharp server: Error: Request /v2/getcodeactions cancelled, id: undefined
[2022-02-16 14:51:09.538] [renderer1] [error] Problem invoking 'GetCodeActions' on OmniSharp server: Error: Request /v2/getcodeactions cancelled, id: undefined
[2022-02-16 14:51:10.664] [renderer1] [error] Problem invoking 'GetCodeActions' on OmniSharp server: Error: Request /v2/getcodeactions cancelled, id: undefined
[2022-02-16 14:51:12.153] [renderer1] [error] Problem invoking 'GetCodeActions' on OmniSharp server: Error: Request /v2/getcodeactions cancelled, id: undefined
[2022-02-16 14:51:13.162] [renderer1] [error] Problem invoking 'GetCodeActions' on OmniSharp server: Error: Request /v2/getcodeactions cancelled, id: undefined
[2022-02-16 14:51:15.432] [renderer1] [error] Problem invoking 'GetCodeActions' on OmniSharp server: Error: Request /v2/getcodeactions cancelled, id: undefined
[2022-02-16 14:51:16.554] [renderer1] [error] Problem invoking 'GetCodeActions' on OmniSharp server: Error: Request /v2/getcodeactions cancelled, id: undefined
[2022-02-16 14:51:19.557] [renderer1] [error] Problem invoking 'GetCodeActions' on OmniSharp server: Error: Request /v2/getcodeactions cancelled, id: undefined
[2022-02-16 14:51:21.907] [renderer1] [error] Problem invoking 'GetCodeActions' on OmniSharp server: Error: Request /v2/getcodeactions cancelled, id: undefined
[2022-02-16 14:51:23.428] [renderer1] [error] Problem invoking 'GetCodeActions' on OmniSharp server: Error: Request /v2/getcodeactions cancelled, id: undefined
[2022-02-16 14:51:27.804] [renderer1] [error] Problem invoking 'GetCodeActions' on OmniSharp server: Error: Request /v2/getcodeactions cancelled, id: undefined
[2022-02-16 14:51:32.999] [renderer1] [error] Problem invoking 'GetCodeActions' on OmniSharp server: Error: Request /v2/getcodeactions cancelled, id: undefined
